<?xml version="1.0" encoding="utf-8"?><testsuites name="pytest tests"><testsuite name="pytest" errors="0" failures="0" skipped="0" tests="52" time="3.568" timestamp="2026-06-30T22:40:14.450150+00:00" hostname="agent-env-210202af-32ff-464f-8cc1-ee7038e7058d"><testcase classname="tests.rag.test_chunker" name="test_extracts_all_semantic_kinds" time="0.001" /><testcase classname="tests.rag.test_chunker" name="test_function_symbols_are_extracted" time="0.000" /><testcase classname="tests.rag.test_chunker" name="test_ai_blocks_captured_with_tags" time="0.000" /><testcase classname="tests.rag.test_chunker" name="test_chunks_have_line_ranges_and_no_fixed_split" time="0.000" /><testcase classname="tests.rag.test_chunker" name="test_file_context_captures_includes_and_globals" time="0.000" /><testcase classname="tests.rag.test_chunker" name="test_two_ai_blocks_sharing_a_tag" time="0.000" /><testcase classname="tests.rag.test_chunker" name="test_missing_ai_end_does_not_swallow_file" time="0.000" /><testcase classname="tests.rag.test_chunker" name="test_leading_doc_comment_attached_to_function" time="0.000" /><testcase classname="tests.rag.test_chunker" name="test_leading_line_comment_block_attached" time="0.000" /><testcase classname="tests.rag.test_chunker" name="test_blank_line_breaks_doc_comment_association" time="0.000" /><testcase classname="tests.rag.test_chunker" name="test_no_split_when_cap_not_given" time="0.001" /><testcase classname="tests.rag.test_chunker" name="test_oversized_chunk_is_split_within_cap" time="0.001" /><testcase classname="tests.rag.test_chunker" name="test_split_preserves_base_metadata" time="0.001" /><testcase classname="tests.rag.test_config" name="test_new_config_defaults" time="0.000" /><testcase classname="tests.rag.test_config" name="test_embed_timeout_is_read_from_config" time="0.000" /><testcase classname="tests.rag.test_config" name="test_embed_timeout_default_wired_into_embedder" time="0.000" /><testcase classname="tests.rag.test_indexer" name="test_oversized_function_split_persists_distinct_ids" time="0.168" /><testcase classname="tests.rag.test_indexer" name="test_index_repo_skips_failing_file_and_continues" time="0.098" /><testcase classname="tests.rag.test_indexer" name="test_looks_like_data_unit" time="0.003" /><testcase classname="tests.rag.test_indexer" name="test_image_as_c_file_skipped_as_data" time="0.153" /><testcase classname="tests.rag.test_indexer" name="test_byte_array_file_short_lines_skipped_as_data" time="0.104" /><testcase classname="tests.rag.test_indexer" name="test_normal_module_is_indexed" time="0.080" /><testcase classname="tests.rag.test_indexer" name="test_include_glob_forces_indexing_of_flagged_file" time="0.151" /><testcase classname="tests.rag.test_indexer" name="test_exclude_glob_honoured" time="0.087" /><testcase classname="tests.rag.test_indexer" name="test_summary_reports_data_and_error_separately" time="0.082" /><testcase classname="tests.rag.test_inspect" name="test_list_chunks_returns_metadata_no_text_by_default" time="0.072" /><testcase classname="tests.rag.test_inspect" name="test_list_chunks_filter_and_text" time="0.074" /><testcase classname="tests.rag.test_inspect" name="test_inspect_cli_json_runs" time="0.081" /><testcase classname="tests.rag.test_inspect" name="test_inspect_cli_group_by" time="0.097" /><testcase classname="tests.rag.test_query_eval" name="test_build_where_requires_board_and_micro" time="0.000" /><testcase classname="tests.rag.test_query_eval" name="test_build_where_composes_optional_dims" time="0.000" /><testcase classname="tests.rag.test_query_eval" name="test_build_where_layer_and_costruttore_use_in" time="0.000" /><testcase classname="tests.rag.test_query_eval" name="test_build_where_omitting_scope_means_all" time="0.000" /><testcase classname="tests.rag.test_query_eval" name="test_retrieve_relevant_filters_then_ranks" time="0.126" /><testcase classname="tests.rag.test_query_eval" name="test_recall_at_k_with_real_ids" time="0.088" /><testcase classname="tests.rag.test_query_eval" name="test_scope_list_composes_multiple_layers" time="0.068" /><testcase classname="tests.rag.test_query_eval" name="test_scope_list_subset_excludes_unlisted_layer" time="0.065" /><testcase classname="tests.rag.test_query_eval" name="test_board_micro_still_enforced_with_scope" time="0.061" /><testcase classname="tests.rag.test_query_eval" name="test_omitting_scope_returns_all_layers" time="0.065" /><testcase classname="tests.rag.test_query_eval" name="test_comune_survives_categoria_filter" time="0.083" /><testcase classname="tests.rag.test_query_eval" name="test_comune_survives_categoria_filter_end_to_end" time="0.082" /><testcase classname="tests.rag.test_query_eval" name="test_cliente_filter_keeps_comune_and_categoria" time="0.158" /><testcase classname="tests.rag.test_retriever_node" name="test_retrieve_populates_full_context_and_debug" time="0.119" /><testcase classname="tests.rag.test_retriever_node" name="test_budget_caps_examples" time="0.079" /><testcase classname="tests.rag.test_retriever_node" name="test_missing_board_skips_retrieval" time="0.094" /><testcase classname="tests.rag.test_retriever_node" name="test_repair_pass_enriches_query_with_compile_error" time="0.152" /><testcase classname="tests.rag.test_retriever_node" name="test_successful_compile_does_not_enrich_query" time="0.140" /><testcase classname="tests.rag.test_retriever_node" name="test_retrieve_context_alias" time="0.138" /><testcase classname="tests.rag.test_store" name="test_add_and_count" time="0.074" /><testcase classname="tests.rag.test_store" name="test_query_respects_board_filter" time="0.068" /><testcase classname="tests.rag.test_store" name="test_query_composed_or_filter" time="0.065" /><testcase classname="tests.rag.test_store" name="test_reset_clears" time="0.077" /></testsuite></testsuites>